<?xml version="1.0" encoding="UTF-8"?>
<!-- Generated by org.testng.reporters.JUnitXMLReporter -->
<testsuite ignored="2" hostname="BHANU-LAPTOP" failures="1" tests="2" name="Test" time="7.925" errors="0" timestamp="2022-12-19T08:55:08 IST">
  <testcase classname="scripts.Script1" name="createCustomer" time="0.034">
    <failure type="java.lang.AssertionError" message="Home page is not displayed">
      <![CDATA[java.lang.AssertionError: Home page is not displayed
at scripts.Script1.createCustomer(Script1.java:16)
at java.base/java.util.ArrayList.forEach(ArrayList.java:1511)
... Removed 28 stack frames]]>
    </failure>
  </testcase> <!-- createCustomer -->
  <testcase classname="scripts.Script2" name="deleteProduct" time="0.121"/>
  <testcase classname="generic.BaseTest" name="@AfterSuite publishReport" time="0.0">
    <ignored/>
  </testcase> <!-- @AfterSuite publishReport -->
  <testcase classname="generic.BaseTest" name="@BeforeSuite createReport" time="0.0">
    <ignored/>
  </testcase> <!-- @BeforeSuite createReport -->
</testsuite> <!-- Test -->
