<?xml version="1.0" encoding="UTF-8"?>
<testng-results ignored="0" total="1" passed="1" failed="0" skipped="0">
  <reporter-output>
  </reporter-output>
  <suite started-at="2023-02-08T17:01:45 IST" name="Suite" finished-at="2023-02-08T17:02:03 IST" duration-ms="18309">
    <groups>
    </groups>
    <test started-at="2023-02-08T17:01:45 IST" name="TestQA" finished-at="2023-02-08T17:02:03 IST" duration-ms="18309">
      <class name="scripts.ValidLogin">
        <test-method is-config="true" signature="createReport()[pri:0, instance:scripts.ValidLogin@2db2cd5]" started-at="2023-02-08T17:01:45 IST" name="createReport" finished-at="2023-02-08T17:01:45 IST" duration-ms="100" status="PASS">
          <reporter-output>
          </reporter-output>
        </test-method> <!-- createReport -->
        <test-method is-config="true" signature="openApp(java.lang.String,java.lang.reflect.Method)[pri:0, instance:scripts.ValidLogin@2db2cd5]" started-at="2023-02-08T17:01:45 IST" name="openApp" finished-at="2023-02-08T17:01:58 IST" duration-ms="12709" status="PASS">
          <params>
            <param index="0">
              <value>
                <![CDATA[qa.properties]]>
              </value>
            </param>
            <param index="1">
              <value>
                <![CDATA[public void scripts.ValidLogin.testValidLogin()]]>
              </value>
            </param>
          </params>
          <reporter-output>
          </reporter-output>
        </test-method> <!-- openApp -->
        <test-method signature="testValidLogin()[pri:1, instance:scripts.ValidLogin@2db2cd5]" started-at="2023-02-08T17:01:58 IST" name="testValidLogin" finished-at="2023-02-08T17:02:03 IST" duration-ms="5298" status="PASS">
          <reporter-output>
          </reporter-output>
        </test-method> <!-- testValidLogin -->
        <test-method is-config="true" signature="closeApp(org.testng.ITestResult)[pri:0, instance:scripts.ValidLogin@2db2cd5]" started-at="2023-02-08T17:02:03 IST" name="closeApp" finished-at="2023-02-08T17:02:03 IST" duration-ms="265" status="PASS">
          <params>
            <param index="0">
              <value>
                <![CDATA[[TestResult name=testValidLogin status=SUCCESS method=ValidLogin.testValidLogin()[pri:1, instance:scripts.ValidLogin@2db2cd5] output={null}]]]>
              </value>
            </param>
          </params>
          <reporter-output>
          </reporter-output>
        </test-method> <!-- closeApp -->
        <test-method is-config="true" signature="publishReport()[pri:0, instance:scripts.ValidLogin@2db2cd5]" started-at="2023-02-08T17:02:03 IST" name="publishReport" finished-at="2023-02-08T17:02:04 IST" duration-ms="183" status="PASS">
          <reporter-output>
          </reporter-output>
        </test-method> <!-- publishReport -->
      </class> <!-- scripts.ValidLogin -->
    </test> <!-- TestQA -->
  </suite> <!-- Suite -->
</testng-results>
